0 info it worked if it ends with ok
1 verbose cli [ '/usr/local/Cellar/node/0.10.35/bin/node',
1 verbose cli   '/usr/local/bin/npm',
1 verbose cli   'publish' ]
2 info using npm@2.14.2
3 info using node@v4.0.0
4 verbose publish [ '.' ]
5 silly cache add args [ '.', null ]
6 verbose cache add spec .
7 silly cache add parsed spec Result {
7 silly cache add   raw: '.',
7 silly cache add   scope: null,
7 silly cache add   name: null,
7 silly cache add   rawSpec: '.',
7 silly cache add   spec: '/Users/danielbox/sites/dev/select-box',
7 silly cache add   type: 'directory' }
8 verbose addLocalDirectory /Users/danielbox/.npm/select-box.scss/0.2.0/package.tgz not in flight; packing
9 verbose tar pack [ '/Users/danielbox/.npm/select-box.scss/0.2.0/package.tgz',
9 verbose tar pack   '/Users/danielbox/sites/dev/select-box' ]
10 verbose tarball /Users/danielbox/.npm/select-box.scss/0.2.0/package.tgz
11 verbose folder /Users/danielbox/sites/dev/select-box
12 info prepublish select-box.scss@0.2.0
13 verbose addLocalTarball adding from inside cache /Users/danielbox/.npm/select-box.scss/0.2.0/package.tgz
14 silly cache afterAdd select-box.scss@0.2.0
15 verbose afterAdd /Users/danielbox/.npm/select-box.scss/0.2.0/package/package.json not in flight; writing
16 verbose afterAdd /Users/danielbox/.npm/select-box.scss/0.2.0/package/package.json written
17 silly publish { name: 'select-box.scss',
17 silly publish   version: '0.2.0',
17 silly publish   description: 'A Sass mixin for quickly and easily styling the dreaded <select> element.',
17 silly publish   main: 'dist/select-box.scss',
17 silly publish   scripts: { test: 'echo "Error: no test specified" && exit 1' },
17 silly publish   repository:
17 silly publish    { type: 'git',
17 silly publish      url: 'git+https://github.com/dbox/select-box.scss.git' },
17 silly publish   keywords: [ 'select', 'dropdown' ],
17 silly publish   author: { name: 'Daniel Box' },
17 silly publish   license: 'MIT',
17 silly publish   bugs: { url: 'https://github.com/dbox/select-box.scss/issues' },
17 silly publish   homepage: 'https://github.com/dbox/select-box.scss#readme',
17 silly publish   readme: '# select-box.scss\nA Sass mixin for quickly and easily styling the ornery `<select>` element.\n\n### Demo/Usage\nView [Demo/usage here] (http://s.codepen.io/dbox/debug/xwNMZd)\n',
17 silly publish   readmeFilename: 'README.md',
17 silly publish   gitHead: '96a18f9131281ba32eb57e1b2e5e41f5f0b9b029',
17 silly publish   _id: 'select-box.scss@0.2.0',
17 silly publish   _shasum: '721232e1ff9f63bc1b875e6cdcf77f9b66170535',
17 silly publish   _from: '.' }
18 verbose getPublishConfig undefined
19 silly mapToRegistry name select-box.scss
20 silly mapToRegistry using default registry
21 silly mapToRegistry registry https://registry.npmjs.org/
22 silly mapToRegistry uri https://registry.npmjs.org/select-box.scss
23 verbose publish registryBase https://registry.npmjs.org/
24 silly publish uploading /Users/danielbox/.npm/select-box.scss/0.2.0/package.tgz
25 verbose request uri https://registry.npmjs.org/select-box.scss
26 verbose request sending authorization for write operation
27 info attempt registry request try #1 at 1:17:01 PM
28 verbose request using bearer token for auth
29 verbose request id f75668ef839cf3dc
30 http request PUT https://registry.npmjs.org/select-box.scss
31 http 403 https://registry.npmjs.org/select-box.scss
32 verbose headers { 'content-type': 'application/json',
32 verbose headers   'cache-control': 'max-age=300',
32 verbose headers   'content-length': '95',
32 verbose headers   'accept-ranges': 'bytes',
32 verbose headers   date: 'Mon, 22 Feb 2016 19:17:02 GMT',
32 verbose headers   via: '1.1 varnish',
32 verbose headers   connection: 'keep-alive',
32 verbose headers   'x-served-by': 'cache-dfw1826-DFW',
32 verbose headers   'x-cache': 'MISS',
32 verbose headers   'x-cache-hits': '0',
32 verbose headers   'x-timer': 'S1456168621.909652,VS0,VE806' }
33 verbose request invalidating /Users/danielbox/.npm/registry.npmjs.org/select-box.scss on PUT
34 error publish Failed PUT 403
35 verbose stack Error: "You cannot publish over the previously published version 0.2.0." : select-box.scss
35 verbose stack     at makeError (/usr/local/lib/node_modules/npm/node_modules/npm-registry-client/lib/request.js:263:12)
35 verbose stack     at CachingRegistryClient.<anonymous> (/usr/local/lib/node_modules/npm/node_modules/npm-registry-client/lib/request.js:251:14)
35 verbose stack     at Request._callback (/usr/local/lib/node_modules/npm/node_modules/npm-registry-client/lib/request.js:171:14)
35 verbose stack     at Request.self.callback (/usr/local/lib/node_modules/npm/node_modules/request/request.js:198:22)
35 verbose stack     at emitTwo (events.js:87:13)
35 verbose stack     at Request.emit (events.js:172:7)
35 verbose stack     at Request.<anonymous> (/usr/local/lib/node_modules/npm/node_modules/request/request.js:1073:14)
35 verbose stack     at emitOne (events.js:82:20)
35 verbose stack     at Request.emit (events.js:169:7)
35 verbose stack     at IncomingMessage.<anonymous> (/usr/local/lib/node_modules/npm/node_modules/request/request.js:1019:12)
36 verbose statusCode 403
37 verbose pkgid select-box.scss
38 verbose cwd /Users/danielbox/sites/dev/select-box
39 error Darwin 15.3.0
40 error argv "/usr/local/Cellar/node/0.10.35/bin/node" "/usr/local/bin/npm" "publish"
41 error node v4.0.0
42 error npm  v2.14.2
43 error code E403
44 error "You cannot publish over the previously published version 0.2.0." : select-box.scss
45 error If you need help, you may report this error at:
45 error     <https://github.com/npm/npm/issues>
46 verbose exit [ 1, true ]
